2023-02-23 13:45:31,364 INFO o.a.j.u.JMeterUtils: Setting Locale to en_EN
2023-02-23 13:45:31,401 INFO o.a.j.JMeter: Loading user properties from: /Users/tiiaan/Library/apache-jmeter-5.5/bin/user.properties
2023-02-23 13:45:31,402 INFO o.a.j.JMeter: Loading system properties from: /Users/tiiaan/Library/apache-jmeter-5.5/bin/system.properties
2023-02-23 13:45:31,413 INFO o.a.j.JMeter: Copyright (c) 1998-2022 The Apache Software Foundation
2023-02-23 13:45:31,413 INFO o.a.j.JMeter: Version 5.5
2023-02-23 13:45:31,414 INFO o.a.j.JMeter: java.version=1.8.0_301
2023-02-23 13:45:31,414 INFO o.a.j.JMeter: java.vm.name=Java HotSpot(TM) 64-Bit Server VM
2023-02-23 13:45:31,414 INFO o.a.j.JMeter: os.name=Mac OS X
2023-02-23 13:45:31,414 INFO o.a.j.JMeter: os.arch=x86_64
2023-02-23 13:45:31,414 INFO o.a.j.JMeter: os.version=10.16
2023-02-23 13:45:31,414 INFO o.a.j.JMeter: file.encoding=UTF-8
2023-02-23 13:45:31,414 INFO o.a.j.JMeter: java.awt.headless=null
2023-02-23 13:45:31,414 INFO o.a.j.JMeter: Max memory     =1073741824
2023-02-23 13:45:31,415 INFO o.a.j.JMeter: Available Processors =8
2023-02-23 13:45:31,425 INFO o.a.j.JMeter: Default Locale=English (EN)
2023-02-23 13:45:31,425 INFO o.a.j.JMeter: JMeter  Locale=English (EN)
2023-02-23 13:45:31,425 INFO o.a.j.JMeter: JMeterHome=/Users/tiiaan/Library/apache-jmeter-5.5
2023-02-23 13:45:31,425 INFO o.a.j.JMeter: user.dir  =/Users/tiiaan/Projects/tidp
2023-02-23 13:45:31,426 INFO o.a.j.JMeter: PWD       =/Users/tiiaan/Projects/tidp
2023-02-23 13:45:31,427 INFO o.a.j.JMeter: IP: 127.0.0.1 Name: tiiaandeMacBook-Pro.local FullName: localhost
2023-02-23 13:45:31,468 INFO o.a.j.JMeter: Loaded icon properties from org/apache/jmeter/images/icon.properties
2023-02-23 13:45:32,111 INFO o.a.j.JMeterGuiLauncher: Setting LAF to: laf:com.apple.laf.AquaLookAndFeel
